ERROR:root:Exchange Error for perl on Kraken: kraken does not have market symbol PERL/USDT
ERROR:root:Exchange Error for gmt on Kraken: kraken does not have market symbol GMT/USDT
ERROR:root:Exchange Error for blz on Kraken: kraken does not have market symbol BLZ/USDT
ERROR:root:Exchange Error for joe on Kraken: kraken does not have market symbol JOE/USDT
ERROR:root:Exchange Error for chess on Kraken: kraken does not have market symbol CHESS/USDT
ERROR:root:Exchange Error for sxp on Kraken: kraken does not have market symbol SXP/USDT
ERROR:root:Exchange Error for ach on Kraken: kraken does not have market symbol ACH/USDT
ERROR:root:Exchange Error for perl on Kraken: kraken does not have market symbol PERL/USDT
ERROR:root:Exchange Error for blz on Kraken: kraken does not have market symbol BLZ/USDT
ERROR:root:Exchange Error for chess on Kraken: kraken does not have market symbol CHESS/USDT
ERROR:root:Exchange Error for gmt on Kraken: kraken does not have market symbol GMT/USDT
ERROR:root:Exchange Error for joe on Kraken: kraken does not have market symbol JOE/USDT
ERROR:root:Exchange Error for sxp on Kraken: kraken does not have market symbol SXP/USDT
ERROR:root:Exchange Error for ach on Kraken: kraken does not have market symbol ACH/USDT
ERROR:root:Exchange Error for perl on Kraken: kraken does not have market symbol PERL/USDT
ERROR:root:Exchange Error for blz on Kraken: kraken does not have market symbol BLZ/USDT
ERROR:root:Exchange Error for chess on Kraken: kraken does not have market symbol CHESS/USDT
ERROR:root:Exchange Error for gmt on Kraken: kraken does not have market symbol GMT/USDT
ERROR:root:Exchange Error for joe on Kraken: kraken does not have market symbol JOE/USDT
ERROR:root:Exchange Error for ach on Kraken: kraken does not have market symbol ACH/USDT
ERROR:root:Exchange Error for sxp on Kraken: kraken does not have market symbol SXP/USDT
ERROR:root:Exchange Error for perl on Kraken: kraken does not have market symbol PERL/USDT
ERROR:root:Exchange Error for blz on Kraken: kraken does not have market symbol BLZ/USDT
ERROR:root:Exchange Error for chess on Kraken: kraken does not have market symbol CHESS/USDT
ERROR:root:Exchange Error for gmt on Kraken: kraken does not have market symbol GMT/USDT
ERROR:root:Exchange Error for joe on Kraken: kraken does not have market symbol JOE/USDT
ERROR:root:Exchange Error for sxp on Kraken: kraken does not have market symbol SXP/USDT
ERROR:root:Exchange Error for ach on Kraken: kraken does not have market symbol ACH/USDT
ERROR:root:Exchange Error for perl on Kraken: kraken does not have market symbol PERL/USDT
ERROR:root:Exchange Error for blz on Kraken: kraken does not have market symbol BLZ/USDT
ERROR:root:Exchange Error for gmt on Kraken: kraken does not have market symbol GMT/USDT
ERROR:root:Exchange Error for chess on Kraken: kraken does not have market symbol CHESS/USDT
ERROR:root:Exchange Error for joe on Kraken: kraken does not have market symbol JOE/USDT
ERROR:root:Exchange Error for sxp on Kraken: kraken does not have market symbol SXP/USDT
ERROR:root:Exchange Error for ach on Kraken: kraken does not have market symbol ACH/USDT
ERROR:root:Exchange Error for perl on Kraken: kraken does not have market symbol PERL/USDT
ERROR:root:Exchange Error for blz on Kraken: kraken does not have market symbol BLZ/USDT
ERROR:root:Exchange Error for chess on Kraken: kraken does not have market symbol CHESS/USDT
ERROR:root:Exchange Error for gmt on Kraken: kraken does not have market symbol GMT/USDT
ERROR:root:Exchange Error for joe on Kraken: kraken does not have market symbol JOE/USDT
ERROR:root:Exchange Error for ach on Kraken: kraken does not have market symbol ACH/USDT
ERROR:root:Exchange Error for sxp on Kraken: kraken does not have market symbol SXP/USDT
ERROR:root:Exchange Error for perl on Kraken: kraken does not have market symbol PERL/USDT
ERROR:root:Exchange Error for blz on Kraken: kraken does not have market symbol BLZ/USDT
ERROR:root:Exchange Error for gmt on Kraken: kraken does not have market symbol GMT/USDT
ERROR:root:Exchange Error for chess on Kraken: kraken does not have market symbol CHESS/USDT
ERROR:root:Exchange Error for joe on Kraken: kraken does not have market symbol JOE/USDT
ERROR:root:Exchange Error for ach on Kraken: kraken does not have market symbol ACH/USDT
ERROR:root:Exchange Error for sxp on Kraken: kraken does not have market symbol SXP/USDT
ERROR:root:Exchange Error for perl on Kraken: kraken does not have market symbol PERL/USDT
ERROR:root:Exchange Error for blz on Kraken: kraken does not have market symbol BLZ/USDT
ERROR:root:Exchange Error for gmt on Kraken: kraken does not have market symbol GMT/USDT
ERROR:root:Exchange Error for joe on Kraken: kraken does not have market symbol JOE/USDT
ERROR:root:Exchange Error for chess on Kraken: kraken does not have market symbol CHESS/USDT
ERROR:root:Exchange Error for sxp on Kraken: kraken does not have market symbol SXP/USDT
ERROR:root:Exchange Error for ach on Kraken: kraken does not have market symbol ACH/USDT
ERROR:root:Exchange Error for perl on Kraken: kraken does not have market symbol PERL/USDT
ERROR:root:Exchange Error for blz on Kraken: kraken does not have market symbol BLZ/USDT
ERROR:root:Exchange Error for joe on Kraken: kraken does not have market symbol JOE/USDT
ERROR:root:Exchange Error for gmt on Kraken: kraken does not have market symbol GMT/USDT
ERROR:root:Exchange Error for chess on Kraken: kraken does not have market symbol CHESS/USDT
ERROR:root:Exchange Error for ach on Kraken: kraken does not have market symbol ACH/USDT
ERROR:root:Exchange Error for sxp on Kraken: kraken does not have market symbol SXP/USDT
ERROR:root:Exchange Error for perl on Kraken: kraken does not have market symbol PERL/USDT
ERROR:root:Exchange Error for blz on Kraken: kraken does not have market symbol BLZ/USDT
ERROR:root:Exchange Error for joe on Kraken: kraken does not have market symbol JOE/USDT
ERROR:root:Exchange Error for chess on Kraken: kraken does not have market symbol CHESS/USDT
ERROR:root:Exchange Error for gmt on Kraken: kraken does not have market symbol GMT/USDT
ERROR:root:Exchange Error for sxp on Kraken: kraken does not have market symbol SXP/USDT
ERROR:root:Exchange Error for ach on Kraken: kraken does not have market symbol ACH/USDT
ERROR:root:Exchange Error for perl on Kraken: kraken does not have market symbol PERL/USDT
ERROR:root:Exchange Error for blz on Kraken: kraken does not have market symbol BLZ/USDT
ERROR:root:Exchange Error for chess on Kraken: kraken does not have market symbol CHESS/USDT
ERROR:root:Exchange Error for joe on Kraken: kraken does not have market symbol JOE/USDT
ERROR:root:Exchange Error for gmt on Kraken: kraken does not have market symbol GMT/USDT
ERROR:root:Exchange Error for sxp on Kraken: kraken does not have market symbol SXP/USDT
ERROR:root:Exchange Error for ach on Kraken: kraken does not have market symbol ACH/USDT
ERROR:root:Exchange Error for perl on Kraken: kraken does not have market symbol PERL/USDT
ERROR:root:Exchange Error for blz on Kraken: kraken does not have market symbol BLZ/USDT
ERROR:root:Exchange Error for chess on Kraken: kraken does not have market symbol CHESS/USDT
ERROR:root:Exchange Error for gmt on Kraken: kraken does not have market symbol GMT/USDT
ERROR:root:Exchange Error for joe on Kraken: kraken does not have market symbol JOE/USDT
ERROR:root:Exchange Error for sxp on Kraken: kraken does not have market symbol SXP/USDT
ERROR:root:Exchange Error for ach on Kraken: kraken does not have market symbol ACH/USDT
ERROR:root:Exchange Error for perl on Kraken: kraken does not have market symbol PERL/USDT
ERROR:root:Exchange Error for blz on Kraken: kraken does not have market symbol BLZ/USDT
ERROR:root:Exchange Error for gmt on Kraken: kraken does not have market symbol GMT/USDT
ERROR:root:Exchange Error for joe on Kraken: kraken does not have market symbol JOE/USDT
ERROR:root:Exchange Error for sxp on Kraken: kraken does not have market symbol SXP/USDT
ERROR:root:Exchange Error for chess on Kraken: kraken does not have market symbol CHESS/USDT
ERROR:root:Exchange Error for ach on Kraken: kraken does not have market symbol ACH/USDT
ERROR:root:Exchange Error for perl on Kraken: kraken does not have market symbol PERL/USDT
ERROR:root:Exchange Error for blz on Kraken: kraken does not have market symbol BLZ/USDT
ERROR:root:Exchange Error for joe on Kraken: kraken does not have market symbol JOE/USDT
ERROR:root:Exchange Error for gmt on Kraken: kraken does not have market symbol GMT/USDT
ERROR:root:Exchange Error for sxp on Kraken: kraken does not have market symbol SXP/USDT
ERROR:root:Exchange Error for chess on Kraken: kraken does not have market symbol CHESS/USDT
ERROR:root:Exchange Error for ach on Kraken: kraken does not have market symbol ACH/USDT
ERROR:root:Exchange Error for perl on Kraken: kraken does not have market symbol PERL/USDT
ERROR:root:Exchange Error for blz on Kraken: kraken does not have market symbol BLZ/USDT
